<?xml version="1.0" encoding="UTF-8"?>
<!-- Generated by org.testng.reporters.JUnitReportReporter -->
<testsuite skipped="0" hostname="DESKTOP-QH08G25" name="com.test.Actitime.TESTActitimeLogin" tests="1" failures="0" timestamp="11 Aug 2019 06:24:12 GMT" time="48.254" errors="0">
  <testcase name="login" time="48.254" classname="com.test.Actitime.TESTActitimeLogin"/>
</testsuite> <!-- com.test.Actitime.TESTActitimeLogin -->
